{
  "0 debug pnpm:scope": {
    "selected": 1
  },
  "1 error pnpm": {
    "code": "ERR_PNPM_UNSUPPORTED_ENGINE",
    "packageId": "/home/lgersman/workspace/wp-esbuild-bundler",
    "wanted": {
      "node": ">=18.3",
      "pnpm": ">=7"
    },
    "current": {
      "node": "v14.17.0",
      "pnpm": "6.32.3"
    },
    "err": {
      "name": "pnpm",
      "message": "Unsupported engine for /home/lgersman/workspace/wp-esbuild-bundler: wanted: {\"node\":\">=18.3\",\"pnpm\":\">=7\"} (current: {\"node\":\"v14.17.0\",\"pnpm\":\"6.32.3\"})",
      "code": "ERR_PNPM_UNSUPPORTED_ENGINE",
      "stack": "pnpm: Unsupported engine for /home/lgersman/workspace/wp-esbuild-bundler: wanted: {\"node\":\">=18.3\",\"pnpm\":\">=7\"} (current: {\"node\":\"v14.17.0\",\"pnpm\":\"6.32.3\"})\n    at checkEngine (/snapshot/dist/pnpm.cjs)\n    at checkPackage (/snapshot/dist/pnpm.cjs)\n    at packageIsInstallable (/snapshot/dist/pnpm.cjs)\n    at tryReadProjectManifest (/snapshot/dist/pnpm.cjs)\n    at async handler (/snapshot/dist/pnpm.cjs)\n    at async /snapshot/dist/pnpm.cjs\n    at async run (/snapshot/dist/pnpm.cjs)\n    at async runPnpm (/snapshot/dist/pnpm.cjs)\n    at async /snapshot/dist/pnpm.cjs"
    }
  }
}